<?xml version="1.0" encoding="UTF-8"?>
<testng-results skipped="0" failed="0" ignored="0" total="1" passed="1">
  <reporter-output>
  </reporter-output>
  <suite name="Surefire suite" duration-ms="13163" started-at="2020-01-11T15:57:39 EST" finished-at="2020-01-11T15:57:52 EST">
    <groups>
    </groups>
    <test name="Surefire test" duration-ms="13163" started-at="2020-01-11T15:57:39 EST" finished-at="2020-01-11T15:57:52 EST">
      <class name="net.centro.test.CentroTest">
        <test-method status="PASS" signature="setUp()[pri:0, instance:net.centro.test.CentroTest@1ab3a8c8]" name="setUp" is-config="true" duration-ms="4044" started-at="2020-01-11T15:57:39 EST" finished-at="2020-01-11T15:57:43 EST">
          <reporter-output>
          </reporter-output>
        </test-method> <!-- setUp -->
        <test-method status="PASS" signature="checkOpenedEngineeringPositionsInToronto()[pri:0, instance:net.centro.test.CentroTest@1ab3a8c8]" name="checkOpenedEngineeringPositionsInToronto" duration-ms="8375" started-at="2020-01-11T15:57:43 EST" finished-at="2020-01-11T15:57:52 EST">
          <reporter-output>
          </reporter-output>
        </test-method> <!-- checkOpenedEngineeringPositionsInToronto -->
        <test-method status="PASS" signature="tearDown()[pri:0, instance:net.centro.test.CentroTest@1ab3a8c8]" name="tearDown" is-config="true" duration-ms="713" started-at="2020-01-11T15:57:52 EST" finished-at="2020-01-11T15:57:52 EST">
          <reporter-output>
          </reporter-output>
        </test-method> <!-- tearDown -->
      </class> <!-- net.centro.test.CentroTest -->
    </test> <!-- Surefire test -->
  </suite> <!-- Surefire suite -->
</testng-results>
